eeschema (2013-07-07 BZR 4022)-stable  >> Creation date: 1/29/2015 6:13:54 PM
#Cmp ( order = Reference )
| C1         1uF         
| C2         0.1uF       
| C3         0.1uF       
| C4         0.1uF       
| D1         LED         
| P1         CONN_4      
| R1         R           
| R2         4K7         
| R3         4K7         
| U1         MMA8652     
#End Cmp

#Cmp ( order = Value )
| 0.1uF        C2        
| 0.1uF        C3        
| 0.1uF        C4        
| 1uF          C1        
| LED          D1        
| CONN_4       P1        
| 4K7          R2        
| 4K7          R3        
| R            R1        
| MMA8652      U1        
#End Cmp

#End List
